Using pre-set license
Built from '2020.3/release' branch; Version is '2020.3.12f1 (b3b2c6512326) revision 11776710'; Using compiler version '192528614'; Build Type 'Release'
OS: 'Windows 10 Pro; OS build 19041.1110; Version 2004; 64bit' Language: 'ko' Physical Memory: 16335 MB
BatchMode: 1, IsHumanControllingUs: 0, StartBugReporterOnCrash: 0, Is64bit: 1, IsPro: 0

 COMMAND LINE ARGUMENTS:
C:\Users\Administrator\Desktop\Unity\Unity File\2020.3.12f1\Editor\Unity.exe
-adb2
-batchMode
-noUpm
-name
AssetImportWorker0
-projectPath
D:/GitHub_Project/AR_Project_ParkBound_Rapa/AR_Project_ParkBound_Rapa
-logFile
Logs/AssetImportWorker0.log
-srvPort
50583
Successfully changed project path to: D:/GitHub_Project/AR_Project_ParkBound_Rapa/AR_Project_ParkBound_Rapa
D:/GitHub_Project/AR_Project_ParkBound_Rapa/AR_Project_ParkBound_Rapa
Using Asset Import Pipeline V2.
Refreshing native plugins compatible for Editor in 54.11 ms, found 2 plugins.
Preloading 0 native plugins for Editor in 0.00 ms.
Initialize engine version: 2020.3.12f1 (b3b2c6512326)
[Subsystems] Discovering subsystems at path C:/Users/Administrator/Desktop/Unity/Unity File/2020.3.12f1/Editor/Data/Resources/UnitySubsystems
[Subsystems] Discovering subsystems at path D:/GitHub_Project/AR_Project_ParkBound_Rapa/AR_Project_ParkBound_Rapa/Assets
GfxDevice: creating device client; threaded=0
Direct3D:
    Version:  Direct3D 11.0 [level 11.1]
    Renderer: Radeon RX 580 Series (ID=0x67df)
    Vendor:   
    VRAM:     8171 MB
    Driver:   27.20.22001.14011
Initialize mono
Mono path[0] = 'C:/Users/Administrator/Desktop/Unity/Unity File/2020.3.12f1/Editor/Data/Managed'
Mono path[1] = 'C:/Users/Administrator/Desktop/Unity/Unity File/2020.3.12f1/Editor/Data/MonoBleedingEdge/lib/mono/unityjit'
Mono config path = 'C:/Users/Administrator/Desktop/Unity/Unity File/2020.3.12f1/Editor/Data/MonoBleedingEdge/etc'
Using monoOptions --debugger-agent=transport=dt_socket,embedding=1,server=y,suspend=n,address=127.0.0.1:56728
Begin MonoManager ReloadAssembly
Registering precompiled unity dll's ...
Register platform support module: C:/Users/Administrator/Desktop/Unity/Unity File/2020.3.12f1/Editor/Data/PlaybackEngines/WindowsStandaloneSupport/UnityEditor.WindowsStandalone.Extensions.dll
Registered in 0.002740 seconds.
Native extension for WindowsStandalone target not found
Refreshing native plugins compatible for Editor in 54.50 ms, found 2 plugins.
Preloading 0 native plugins for Editor in 0.00 ms.
Mono: successfully reloaded assembly
- Completed reload, in  2.274 seconds
Platform modules already initialized, skipping
Registering precompiled user dll's ...
Registered in 0.004183 seconds.
Begin MonoManager ReloadAssembly
Native extension for WindowsStandalone target not found
Refreshing native plugins compatible for Editor in 0.87 ms, found 2 plugins.
Preloading 0 native plugins for Editor in 0.00 ms.
Mono: successfully reloaded assembly
- Completed reload, in  1.428 seconds
Platform modules already initialized, skipping
========================================================================
Worker process is ready to serve import requests
Launched and connected shader compiler UnityShaderCompiler.exe after 0.06 seconds
Refreshing native plugins compatible for Editor in 0.57 ms, found 2 plugins.
Preloading 0 native plugins for Editor in 0.00 ms.
Unloading 2116 Unused Serialized files (Serialized files now loaded: 0)
System memory in use before: 93.1 MB.
System memory in use after: 93.1 MB.

Unloading 22 unused Assets to reduce memory usage. Loaded Objects now: 2557.
Total: 2.463600 ms (FindLiveObjects: 0.229700 ms CreateObjectMapping: 0.051400 ms MarkObjects: 2.058800 ms  DeleteObjects: 0.122400 ms)

AssetImportParameters requested are different than current active one (requested -> active):
  custom:framework-win-MediaFoundation: 216162199b28c13a410421893ffa2e32 -> 
  custom:video-decoder-ogg-theora: a1e56fd34408186e4bbccfd4996cb3dc -> 
  custom:container-muxer-webm: aa71ff27fc2769a1b78a27578f13a17b -> 
  custom:container-demuxer-webm: 4f35f7cbe854078d1ac9338744f61a02 -> 
  custom:container-demuxer-ogg: 62fdf1f143b41e24485cea50d1cbac27 -> 
  custom:video-encoder-webm-vp8: eb34c28f22e8b96e1ab97ce403110664 -> 
  custom:video-decoder-webm-vp8: 9c59270c3fd7afecdb556c50c9e8de78 -> 
  custom:audio-decoder-ogg-vorbis: bf7c407c2cedff20999df2af8eb42d56 -> 
  custom:audio-encoder-webm-vorbis: bf7c407c2cedff20999df2af8eb42d56 -> 
========================================================================
Received Import Request.
  path: Assets/01.HCH/00.MyAsset/01.Script/ARScale.cs
  artifactKey: Guid(ca57f1f7a13f26b40904081c3860c8a5) Importer(815301076,1909f56bfc062723c751e8b465ee728b)
Start importing Assets/01.HCH/00.MyAsset/01.Script/ARScale.cs using Guid(ca57f1f7a13f26b40904081c3860c8a5) Importer(815301076,1909f56bfc062723c751e8b465ee728b)  -> (artifact id: '6f31775cd00e4c0b55cc56660b397fd1') in 0.056679 seconds 
  Import took 0.089371 seconds .

========================================================================
Received Prepare
Refreshing native plugins compatible for Editor in 5.78 ms, found 2 plugins.
Preloading 0 native plugins for Editor in 0.00 ms.
Unloading 14 Unused Serialized files (Serialized files now loaded: 0)
System memory in use before: 49.4 MB.
System memory in use after: 49.5 MB.

Unloading 13 unused Assets to reduce memory usage. Loaded Objects now: 2558.
Total: 3.683800 ms (FindLiveObjects: 0.483900 ms CreateObjectMapping: 0.077400 ms MarkObjects: 3.017800 ms  DeleteObjects: 0.103300 ms)

AssetImportParameters requested are different than current active one (requested -> active):
  custom:framework-win-MediaFoundation: 216162199b28c13a410421893ffa2e32 -> 
  custom:video-decoder-ogg-theora: a1e56fd34408186e4bbccfd4996cb3dc -> 
  custom:container-muxer-webm: aa71ff27fc2769a1b78a27578f13a17b -> 
  custom:container-demuxer-webm: 4f35f7cbe854078d1ac9338744f61a02 -> 
  custom:container-demuxer-ogg: 62fdf1f143b41e24485cea50d1cbac27 -> 
  custom:video-encoder-webm-vp8: eb34c28f22e8b96e1ab97ce403110664 -> 
  custom:video-decoder-webm-vp8: 9c59270c3fd7afecdb556c50c9e8de78 -> 
  custom:audio-decoder-ogg-vorbis: bf7c407c2cedff20999df2af8eb42d56 -> 
  custom:audio-encoder-webm-vorbis: bf7c407c2cedff20999df2af8eb42d56 -> 
========================================================================
Received Prepare
Registering precompiled user dll's ...
Registered in 0.086764 seconds.
Begin MonoManager ReloadAssembly
Native extension for WindowsStandalone target not found
Refreshing native plugins compatible for Editor in 0.61 ms, found 2 plugins.
Preloading 0 native plugins for Editor in 0.00 ms.
Mono: successfully reloaded assembly
- Completed reload, in  1.272 seconds
Platform modules already initialized, skipping
Switching build target platform(19) subTarget(0) extendedPlatform(0) -> platform(13) subTarget(524288) extendedPlatform(0)
Refreshing native plugins compatible for Editor in 0.57 ms, found 2 plugins.
Preloading 0 native plugins for Editor in 0.00 ms.
Unloading 2087 Unused Serialized files (Serialized files now loaded: 0)
System memory in use before: 90.0 MB.
System memory in use after: 90.1 MB.

Unloading 17 unused Assets to reduce memory usage. Loaded Objects now: 2561.
Total: 2.502200 ms (FindLiveObjects: 0.277600 ms CreateObjectMapping: 0.055600 ms MarkObjects: 2.064400 ms  DeleteObjects: 0.103500 ms)

AssetImportParameters requested are different than current active one (requested -> active):
  custom:framework-win-MediaFoundation: 216162199b28c13a410421893ffa2e32 -> 
  custom:video-decoder-ogg-theora: a1e56fd34408186e4bbccfd4996cb3dc -> 
  custom:container-muxer-webm: aa71ff27fc2769a1b78a27578f13a17b -> 
  custom:container-demuxer-webm: 4f35f7cbe854078d1ac9338744f61a02 -> 
  custom:container-demuxer-ogg: 62fdf1f143b41e24485cea50d1cbac27 -> 
  custom:video-encoder-webm-vp8: eb34c28f22e8b96e1ab97ce403110664 -> 
  custom:video-decoder-webm-vp8: 9c59270c3fd7afecdb556c50c9e8de78 -> 
  custom:graphics/normal-map-encoding: 01000000000000000000000000000000 -> 02000000000000000000000000000000
  custom:audio-decoder-ogg-vorbis: bf7c407c2cedff20999df2af8eb42d56 -> 
  custom:audio-encoder-webm-vorbis: bf7c407c2cedff20999df2af8eb42d56 -> 
========================================================================
Received Import Request.
  Time since last request: 715.480081 seconds.
  path: Assets/01.HCH/00.MyAsset/01.Script/Player/PlayerMove.cs
  artifactKey: Guid(5e30fa461a42642468fc38fa8ce1299a) Importer(815301076,1909f56bfc062723c751e8b465ee728b)
Start importing Assets/01.HCH/00.MyAsset/01.Script/Player/PlayerMove.cs using Guid(5e30fa461a42642468fc38fa8ce1299a) Importer(815301076,1909f56bfc062723c751e8b465ee728b)  -> (artifact id: 'f15e36c01e55816c6092da0be7186768') in 0.009547 seconds 
  Import took 0.013046 seconds .

========================================================================
Received Import Request.
  Time since last request: 0.031723 seconds.
  path: Assets/01.HCH/00.MyAsset/01.Script/Player/PlayerMove.cs
  artifactKey: Guid(5e30fa461a42642468fc38fa8ce1299a) Importer(815301076,1909f56bfc062723c751e8b465ee728b)
Start importing Assets/01.HCH/00.MyAsset/01.Script/Player/PlayerMove.cs using Guid(5e30fa461a42642468fc38fa8ce1299a) Importer(815301076,1909f56bfc062723c751e8b465ee728b)  -> (artifact id: 'f15e36c01e55816c6092da0be7186768') in 0.003362 seconds 
  Import took 0.006985 seconds .

========================================================================
Received Prepare
Registering precompiled user dll's ...
Registered in 0.003585 seconds.
Begin MonoManager ReloadAssembly
Native extension for WindowsStandalone target not found
Refreshing native plugins compatible for Editor in 0.73 ms, found 2 plugins.
Preloading 0 native plugins for Editor in 0.00 ms.
Mono: successfully reloaded assembly
- Completed reload, in  1.151 seconds
Platform modules already initialized, skipping
Switching build target platform(19) subTarget(0) extendedPlatform(0) -> platform(13) subTarget(524288) extendedPlatform(0)
Refreshing native plugins compatible for Editor in 0.57 ms, found 2 plugins.
Preloading 0 native plugins for Editor in 0.00 ms.
Unloading 2088 Unused Serialized files (Serialized files now loaded: 0)
System memory in use before: 90.2 MB.
System memory in use after: 90.2 MB.

Unloading 17 unused Assets to reduce memory usage. Loaded Objects now: 2565.
Total: 2.389400 ms (FindLiveObjects: 0.199800 ms CreateObjectMapping: 0.050500 ms MarkObjects: 2.040500 ms  DeleteObjects: 0.097100 ms)

AssetImportParameters requested are different than current active one (requested -> active):
  custom:framework-win-MediaFoundation: 216162199b28c13a410421893ffa2e32 -> 
  custom:video-decoder-ogg-theora: a1e56fd34408186e4bbccfd4996cb3dc -> 
  custom:container-muxer-webm: aa71ff27fc2769a1b78a27578f13a17b -> 
  custom:container-demuxer-webm: 4f35f7cbe854078d1ac9338744f61a02 -> 
  custom:container-demuxer-ogg: 62fdf1f143b41e24485cea50d1cbac27 -> 
  custom:video-encoder-webm-vp8: eb34c28f22e8b96e1ab97ce403110664 -> 
  custom:video-decoder-webm-vp8: 9c59270c3fd7afecdb556c50c9e8de78 -> 
  custom:graphics/normal-map-encoding: 01000000000000000000000000000000 -> 02000000000000000000000000000000
  custom:audio-decoder-ogg-vorbis: bf7c407c2cedff20999df2af8eb42d56 -> 
  custom:audio-encoder-webm-vorbis: bf7c407c2cedff20999df2af8eb42d56 -> 
========================================================================
Received Import Request.
  Time since last request: 108.389622 seconds.
  path: Assets/01.HCH/00.MyAsset/06.Scene/Test.unity
  artifactKey: Guid(c0ae1d35675c1a1428eaab9680d87260) Importer(815301076,1909f56bfc062723c751e8b465ee728b)
Start importing Assets/01.HCH/00.MyAsset/06.Scene/Test.unity using Guid(c0ae1d35675c1a1428eaab9680d87260) Importer(815301076,1909f56bfc062723c751e8b465ee728b)  -> (artifact id: '12647498d2cbb4aa923273830b97133b') in 0.018236 seconds 
  Import took 0.021831 seconds .

========================================================================
Received Import Request.
  Time since last request: 29.001647 seconds.
  path: Assets/01.HCH/00.MyAsset/01.Script/Obstacle/Swing
  artifactKey: Guid(43d3d0f59df9f5f4e857a72a8f1b3dbd) Importer(815301076,1909f56bfc062723c751e8b465ee728b)
Start importing Assets/01.HCH/00.MyAsset/01.Script/Obstacle/Swing using Guid(43d3d0f59df9f5f4e857a72a8f1b3dbd) Importer(815301076,1909f56bfc062723c751e8b465ee728b)  -> (artifact id: '05f913b29795a329482f7d30118f214a') in 0.006873 seconds 
  Import took 0.010266 seconds .

========================================================================
Received Import Request.
  Time since last request: 3.849889 seconds.
  path: Assets/01.HCH/00.MyAsset/01.Script/Obstacle/Rotate
  artifactKey: Guid(43d3d0f59df9f5f4e857a72a8f1b3dbd) Importer(815301076,1909f56bfc062723c751e8b465ee728b)
Start importing Assets/01.HCH/00.MyAsset/01.Script/Obstacle/Rotate using Guid(43d3d0f59df9f5f4e857a72a8f1b3dbd) Importer(815301076,1909f56bfc062723c751e8b465ee728b)  -> (artifact id: '04b661eaf5088323afecb2977432ce68') in 0.007352 seconds 
  Import took 0.010950 seconds .

========================================================================
Received Import Request.
  Time since last request: 1.254203 seconds.
  path: Assets/01.HCH/00.MyAsset/01.Script/Obstacle/Rotate/Child/RotateObject.cs
  artifactKey: Guid(41833a0415809e84bb198961c3f2ce38) Importer(815301076,1909f56bfc062723c751e8b465ee728b)
Start importing Assets/01.HCH/00.MyAsset/01.Script/Obstacle/Rotate/Child/RotateObject.cs using Guid(41833a0415809e84bb198961c3f2ce38) Importer(815301076,1909f56bfc062723c751e8b465ee728b)  -> (artifact id: '5279332c21e66c9e11c30ef5be37c767') in 0.006922 seconds 
  Import took 0.011075 seconds .

========================================================================
Received Import Request.
  Time since last request: 1.056979 seconds.
  path: Assets/01.HCH/00.MyAsset/01.Script/Obstacle/Rotate/Parent
  artifactKey: Guid(3d123348b008c48479aab63a6dee781f) Importer(815301076,1909f56bfc062723c751e8b465ee728b)
Start importing Assets/01.HCH/00.MyAsset/01.Script/Obstacle/Rotate/Parent using Guid(3d123348b008c48479aab63a6dee781f) Importer(815301076,1909f56bfc062723c751e8b465ee728b)  -> (artifact id: '37e8b4df3576d3ef5bd982fcd69b565e') in 0.008760 seconds 
  Import took 0.012354 seconds .

========================================================================
Received Prepare
Registering precompiled user dll's ...
Registered in 0.003662 seconds.
Begin MonoManager ReloadAssembly
Native extension for WindowsStandalone target not found
Refreshing native plugins compatible for Editor in 0.58 ms, found 2 plugins.
Preloading 0 native plugins for Editor in 0.00 ms.
Mono: successfully reloaded assembly
- Completed reload, in  1.146 seconds
Platform modules already initialized, skipping
Switching build target platform(19) subTarget(0) extendedPlatform(0) -> platform(13) subTarget(524288) extendedPlatform(0)
Refreshing native plugins compatible for Editor in 0.56 ms, found 2 plugins.
Preloading 0 native plugins for Editor in 0.00 ms.
Unloading 2088 Unused Serialized files (Serialized files now loaded: 0)
System memory in use before: 90.2 MB.
System memory in use after: 90.2 MB.

Unloading 17 unused Assets to reduce memory usage. Loaded Objects now: 2569.
Total: 2.251800 ms (FindLiveObjects: 0.204800 ms CreateObjectMapping: 0.048100 ms MarkObjects: 1.900800 ms  DeleteObjects: 0.097000 ms)

AssetImportParameters requested are different than current active one (requested -> active):
  custom:framework-win-MediaFoundation: 216162199b28c13a410421893ffa2e32 -> 
  custom:video-decoder-ogg-theora: a1e56fd34408186e4bbccfd4996cb3dc -> 
  custom:container-muxer-webm: aa71ff27fc2769a1b78a27578f13a17b -> 
  custom:container-demuxer-webm: 4f35f7cbe854078d1ac9338744f61a02 -> 
  custom:container-demuxer-ogg: 62fdf1f143b41e24485cea50d1cbac27 -> 
  custom:video-encoder-webm-vp8: eb34c28f22e8b96e1ab97ce403110664 -> 
  custom:video-decoder-webm-vp8: 9c59270c3fd7afecdb556c50c9e8de78 -> 
  custom:graphics/normal-map-encoding: 01000000000000000000000000000000 -> 02000000000000000000000000000000
  custom:audio-decoder-ogg-vorbis: bf7c407c2cedff20999df2af8eb42d56 -> 
  custom:audio-encoder-webm-vorbis: bf7c407c2cedff20999df2af8eb42d56 -> 
========================================================================
Received Import Request.
  Time since last request: 6.218972 seconds.
  path: Assets/01.HCH/00.MyAsset/01.Script/Obstacle/Rotate/Parent/RotateObstacle.cs
  artifactKey: Guid(b8554ac4ec87d2a4b92ce72a5dae89c7) Importer(815301076,1909f56bfc062723c751e8b465ee728b)
Start importing Assets/01.HCH/00.MyAsset/01.Script/Obstacle/Rotate/Parent/RotateObstacle.cs using Guid(b8554ac4ec87d2a4b92ce72a5dae89c7) Importer(815301076,1909f56bfc062723c751e8b465ee728b)  -> (artifact id: 'a59d5e557571d53428ecb09d1381e5d0') in 0.008838 seconds 
  Import took 0.012583 seconds .

========================================================================
Received Import Request.
  Time since last request: 7.083446 seconds.
  path: Assets/01.HCH/00.MyAsset/01.Script/Obstacle/Rotate/Child
  artifactKey: Guid(a99b09b95a844bf49b3b35bcbd56d02d) Importer(815301076,1909f56bfc062723c751e8b465ee728b)
Start importing Assets/01.HCH/00.MyAsset/01.Script/Obstacle/Rotate/Child using Guid(a99b09b95a844bf49b3b35bcbd56d02d) Importer(815301076,1909f56bfc062723c751e8b465ee728b)  -> (artifact id: '31d5796cf367d82a726f42d6e3c3d67f') in 0.005558 seconds 
  Import took 0.009032 seconds .

========================================================================
Received Import Request.
  Time since last request: 32.178187 seconds.
  path: Assets/01.HCH/00.MyAsset/01.Script/Obstacle/Rotate/Child/NonstopRotateObstacle.cs
  artifactKey: Guid(12d703a314f71b84baa62e81048cbce4) Importer(815301076,1909f56bfc062723c751e8b465ee728b)
Start importing Assets/01.HCH/00.MyAsset/01.Script/Obstacle/Rotate/Child/NonstopRotateObstacle.cs using Guid(12d703a314f71b84baa62e81048cbce4) Importer(815301076,1909f56bfc062723c751e8b465ee728b)  -> (artifact id: '7b905edaeb3eb4bdccfaea7789dc831d') in 0.006027 seconds 
  Import took 0.009954 seconds .

========================================================================
Received Prepare
Registering precompiled user dll's ...
Registered in 0.003847 seconds.
Begin MonoManager ReloadAssembly
Native extension for WindowsStandalone target not found
Refreshing native plugins compatible for Editor in 0.57 ms, found 2 plugins.
Preloading 0 native plugins for Editor in 0.00 ms.
Mono: successfully reloaded assembly
- Completed reload, in  1.220 seconds
Platform modules already initialized, skipping
Switching build target platform(19) subTarget(0) extendedPlatform(0) -> platform(13) subTarget(524288) extendedPlatform(0)
Refreshing native plugins compatible for Editor in 0.57 ms, found 2 plugins.
Preloading 0 native plugins for Editor in 0.00 ms.
Unloading 2089 Unused Serialized files (Serialized files now loaded: 0)
System memory in use before: 90.2 MB.
System memory in use after: 90.3 MB.

Unloading 17 unused Assets to reduce memory usage. Loaded Objects now: 2574.
Total: 2.306100 ms (FindLiveObjects: 0.214100 ms CreateObjectMapping: 0.053200 ms MarkObjects: 1.943000 ms  DeleteObjects: 0.094800 ms)

AssetImportParameters requested are different than current active one (requested -> active):
  custom:framework-win-MediaFoundation: 216162199b28c13a410421893ffa2e32 -> 
  custom:video-decoder-ogg-theora: a1e56fd34408186e4bbccfd4996cb3dc -> 
  custom:container-muxer-webm: aa71ff27fc2769a1b78a27578f13a17b -> 
  custom:container-demuxer-webm: 4f35f7cbe854078d1ac9338744f61a02 -> 
  custom:container-demuxer-ogg: 62fdf1f143b41e24485cea50d1cbac27 -> 
  custom:video-encoder-webm-vp8: eb34c28f22e8b96e1ab97ce403110664 -> 
  custom:video-decoder-webm-vp8: 9c59270c3fd7afecdb556c50c9e8de78 -> 
  custom:graphics/normal-map-encoding: 01000000000000000000000000000000 -> 02000000000000000000000000000000
  custom:audio-decoder-ogg-vorbis: bf7c407c2cedff20999df2af8eb42d56 -> 
  custom:audio-encoder-webm-vorbis: bf7c407c2cedff20999df2af8eb42d56 -> 
========================================================================
Received Import Request.
  Time since last request: 22.604507 seconds.
  path: Assets/01.HCH/00.MyAsset/01.Script/Obstacle/Rotate/Child/NonstopRotateObstacle.cs
  artifactKey: Guid(12d703a314f71b84baa62e81048cbce4) Importer(815301076,1909f56bfc062723c751e8b465ee728b)
Start importing Assets/01.HCH/00.MyAsset/01.Script/Obstacle/Rotate/Child/NonstopRotateObstacle.cs using Guid(12d703a314f71b84baa62e81048cbce4) Importer(815301076,1909f56bfc062723c751e8b465ee728b)  -> (artifact id: 'fd81b959e3f2e22eb513e5a9d54f82ed') in 0.006119 seconds 
  Import took 0.009987 seconds .

========================================================================
Received Prepare
Registering precompiled user dll's ...
Registered in 0.004143 seconds.
Begin MonoManager ReloadAssembly
Native extension for WindowsStandalone target not found
Refreshing native plugins compatible for Editor in 0.58 ms, found 2 plugins.
Preloading 0 native plugins for Editor in 0.00 ms.
Mono: successfully reloaded assembly
- Completed reload, in  1.224 seconds
Platform modules already initialized, skipping
Switching build target platform(19) subTarget(0) extendedPlatform(0) -> platform(13) subTarget(524288) extendedPlatform(0)
Refreshing native plugins compatible for Editor in 0.57 ms, found 2 plugins.
Preloading 0 native plugins for Editor in 0.00 ms.
Unloading 2089 Unused Serialized files (Serialized files now loaded: 0)
System memory in use before: 90.3 MB.
System memory in use after: 90.3 MB.

Unloading 17 unused Assets to reduce memory usage. Loaded Objects now: 2578.
Total: 2.543900 ms (FindLiveObjects: 0.262500 ms CreateObjectMapping: 0.052600 ms MarkObjects: 2.113200 ms  DeleteObjects: 0.113800 ms)

AssetImportParameters requested are different than current active one (requested -> active):
  custom:framework-win-MediaFoundation: 216162199b28c13a410421893ffa2e32 -> 
  custom:video-decoder-ogg-theora: a1e56fd34408186e4bbccfd4996cb3dc -> 
  custom:container-muxer-webm: aa71ff27fc2769a1b78a27578f13a17b -> 
  custom:container-demuxer-webm: 4f35f7cbe854078d1ac9338744f61a02 -> 
  custom:container-demuxer-ogg: 62fdf1f143b41e24485cea50d1cbac27 -> 
  custom:video-encoder-webm-vp8: eb34c28f22e8b96e1ab97ce403110664 -> 
  custom:video-decoder-webm-vp8: 9c59270c3fd7afecdb556c50c9e8de78 -> 
  custom:graphics/normal-map-encoding: 01000000000000000000000000000000 -> 02000000000000000000000000000000
  custom:audio-decoder-ogg-vorbis: bf7c407c2cedff20999df2af8eb42d56 -> 
  custom:audio-encoder-webm-vorbis: bf7c407c2cedff20999df2af8eb42d56 -> 
